[    0.000000] Initializing cgroup subsys cpuset
[    0.000000] Initializing cgroup subsys cpu
[    0.000000] Initializing cgroup subsys cpuacct
[    0.000000] Linux version 4.4.0-210-generic (buildd@lgw01-amd64-009) (gcc version 5.4.0 20160609 (Ubuntu 5.4.0-6ubuntu1~16.04.12) ) #242-Ubuntu SMP Fri Apr 16 09:57:56 UTC 2021 (Ubuntu 4.4.0-210.242-generic 4.4.262)
[    0.000000] Command line: BOOT_IMAGE=/boot/vmlinuz-4.4.0-210-generic root=LABEL=cloudimg-rootfs ro console=tty1 console=ttyS0
[    0.000000] KERNEL supported cpus:
[    0.000000]   Intel GenuineIntel
[    0.000000]   AMD AuthenticAMD
[    0.000000]   Centaur CentaurHauls
[    0.000000] x86/fpu: Legacy x87 FPU detected.
[    0.000000] e820: BIOS-provided physical RAM map:
[    0.000000] BIOS-e820: [mem 0x0000000000000000-0x000000000009fbff] usable
[    0.000000] BIOS-e820: [mem 0x000000000009fc00-0x000000000009ffff] reserved
[    0.000000] BIOS-e820: [mem 0x00000000000f0000-0x00000000000fffff] reserved
[    0.000000] BIOS-e820: [mem 0x0000000000100000-0x000000003ffeffff] usable
[    0.000000] BIOS-e820: [mem 0x000000003fff0000-0x000000003fffffff] ACPI data
[    0.000000] BIOS-e820: [mem 0x00000000fec00000-0x00000000fec00fff] reserved
[    0.000000] BIOS-e820: [mem 0x00000000fee00000-0x00000000fee00fff] reserved
[    0.000000] BIOS-e820: [mem 0x00000000fffc0000-0x00000000ffffffff] reserved
[    0.000000] NX (Execute Disable) protection: active
[    0.000000] SMBIOS 2.5 present.
[    0.000000] Hypervisor detected: KVM
[    0.000000] e820: last_pfn = 0x3fff0 max_arch_pfn = 0x400000000
[    0.000000] MTRR: Disabled
[    0.000000] x86/PAT: MTRRs disabled, skipping PAT initialization too.
[    0.000000] CPU MTRRs all blank - virtualized system.
[    0.000000] x86/PAT: Configuration [0-7]: WB  WT  UC- UC  WB  WT  UC- UC  
[    0.000000] found SMP MP-table at [mem 0x0009fff0-0x0009ffff] mapped at [ffff88000009fff0]
[    0.000000] Scanning 1 areas for low memory corruption
[    0.000000] RAMDISK: [mem 0x362dc000-0x37165fff]
[    0.000000] ACPI: Early table checksum verification disabled
[    0.000000] ACPI: RSDP 0x00000000000E0000 000024 (v02 VBOX  )
[    0.000000] ACPI: XSDT 0x000000003FFF0030 00003C (v01 VBOX   VBOXXSDT 00000001 ASL  00000061)
[    0.000000] ACPI: FACP 0x000000003FFF00F0 0000F4 (v04 VBOX   VBOXFACP 00000001 ASL  00000061)
[    0.000000] ACPI: DSDT 0x000000003FFF0610 002353 (v02 VBOX   VBOXBIOS 00000002 INTL 20100528)
[    0.000000] ACPI: FACS 0x000000003FFF0200 000040
[    0.000000] ACPI: FACS 0x000000003FFF0200 000040
[    0.000000] ACPI: APIC 0x000000003FFF0240 00005C (v02 VBOX   VBOXAPIC 00000001 ASL  00000061)
[    0.000000] ACPI: SSDT 0x000000003FFF02A0 00036C (v01 VBOX   VBOXCPUT 00000002 INTL 20100528)
[    0.000000] No NUMA configuration found
[    0.000000] Faking a node at [mem 0x0000000000000000-0x000000003ffeffff]
[    0.000000] NODE_DATA(0) allocated [mem 0x3ffeb000-0x3ffeffff]
[    0.000000] kvm-clock: Using msrs 4b564d01 and 4b564d00
[    0.000000] kvm-clock: cpu 0, msr 0:3ffe3001, primary cpu clock
[    0.000000] kvm-clock: using sched offset of 3541126753 cycles
[    0.000000] clocksource: kvm-clock: mask: 0xffffffffffffffff max_cycles: 0x1cd42e4dffb, max_idle_ns: 881590591483 ns
[    0.000000] Zone ranges:
[    0.000000]   DMA      [mem 0x0000000000001000-0x0000000000ffffff]
[    0.000000]   DMA32    [mem 0x0000000001000000-0x000000003ffeffff]
[    0.000000]   Normal   empty
[    0.000000]   Device   empty
[    0.000000] Movable zone start for each node
[    0.000000] Early memory node ranges
[    0.000000]   node   0: [mem 0x0000000000001000-0x000000000009efff]
[    0.000000]   node   0: [mem 0x0000000000100000-0x000000003ffeffff]
[    0.000000] Initmem setup node 0 [mem 0x0000000000001000-0x000000003ffeffff]
[    0.000000] ACPI: PM-Timer IO Port: 0x4008
[    0.000000] IOAPIC[0]: apic_id 2, version 32, address 0xfec00000, GSI 0-23
[    0.000000] ACPI: INT_SRC_OVR (bus 0 bus_irq 0 global_irq 2 dfl dfl)
[    0.000000] ACPI: INT_SRC_OVR (bus 0 bus_irq 9 global_irq 9 low level)
[    0.000000] Using ACPI (MADT) for SMP configuration information
[    0.000000] smpboot: Allowing 2 CPUs, 0 hotplug CPUs
[    0.000000] PM: Registered nosave memory: [mem 0x00000000-0x00000fff]
[    0.000000] PM: Registered nosave memory: [mem 0x0009f000-0x0009ffff]
[    0.000000] PM: Registered nosave memory: [mem 0x000a0000-0x000effff]
[    0.000000] PM: Registered nosave memory: [mem 0x000f0000-0x000fffff]
[    0.000000] e820: [mem 0x40000000-0xfebfffff] available for PCI devices
[    0.000000] Booting paravirtualized kernel on KVM
[    0.000000] clocksource: refined-jiffies: mask: 0xffffffff max_cycles: 0xffffffff, max_idle_ns: 7645519600211568 ns
[    0.000000] setup_percpu: NR_CPUS:512 nr_cpumask_bits:512 nr_cpu_ids:2 nr_node_ids:1
[    0.000000] PERCPU: Embedded 33 pages/cpu @ffff88003fc00000 s95192 r8192 d31784 u1048576
[    0.000000] Built 1 zonelists in Node order, mobility grouping on.  Total pages: 257912
[    0.000000] Policy zone: DMA32
[    0.000000] Kernel command line: BOOT_IMAGE=/boot/vmlinuz-4.4.0-210-generic root=LABEL=cloudimg-rootfs ro console=tty1 console=ttyS0
[    0.000000] PID hash table entries: 4096 (order: 3, 32768 bytes)
[    0.000000] Memory: 997792K/1048120K available (8644K kernel code, 1332K rwdata, 4044K rodata, 1492K init, 1164K bss, 50328K reserved, 0K cma-reserved)
[    0.000000] SLUB: HWalign=64, Order=0-3, MinObjects=0, CPUs=2, Nodes=1
[    0.000000] Kernel/User page tables isolation: enabled
[    0.000000] Hierarchical RCU implementation.
[    0.000000] 	Build-time adjustment of leaf fanout to 64.
[    0.000000] 	RCU restricting CPUs from NR_CPUS=512 to nr_cpu_ids=2.
[    0.000000] RCU: Adjusting geometry for rcu_fanout_leaf=64, nr_cpu_ids=2
[    0.000000] NR_IRQS:33024 nr_irqs:440 16
[    0.000000] Console: colour VGA+ 80x25
[    0.000000] console [tty1] enabled
[    0.000000] console [ttyS0] enabled
[    0.000000] tsc: Detected 2208.006 MHz processor
[    0.683256] Calibrating delay loop (skipped) preset value.. 4416.01 BogoMIPS (lpj=8832024)
[    0.698844] pid_max: default: 32768 minimum: 301
[    0.706447] ACPI: Core revision 20150930
[    0.713612] ACPI: 2 ACPI AML tables successfully acquired and loaded
[    0.724572] Security Framework initialized
[    0.732589] Yama: becoming mindful.
[    0.739743] AppArmor: AppArmor initialized
[    0.746295] Dentry cache hash table entries: 131072 (order: 8, 1048576 bytes)
[    0.762718] Inode-cache hash table entries: 65536 (order: 7, 524288 bytes)
[    0.777533] Mount-cache hash table entries: 2048 (order: 2, 16384 bytes)
[    0.787385] Mountpoint-cache hash table entries: 2048 (order: 2, 16384 bytes)
[    0.803124] Initializing cgroup subsys io
[    0.808142] Initializing cgroup subsys memory
[    0.815498] Initializing cgroup subsys devices
[    0.822027] Initializing cgroup subsys freezer
[    0.827831] Initializing cgroup subsys net_cls
[    0.836863] Initializing cgroup subsys perf_event
[    0.846767] Initializing cgroup subsys net_prio
[    0.851984] Initializing cgroup subsys hugetlb
[    0.860293] Initializing cgroup subsys pids
[    0.885045] mce: CPU supports 0 MCE banks
[    0.894664] Last level iTLB entries: 4KB 64, 2MB 8, 4MB 8
[    0.903017] Last level dTLB entries: 4KB 64, 2MB 0, 4MB 0, 1GB 4
[    0.913619] Spectre V1 : Mitigation: usercopy/swapgs barriers and __user pointer sanitization
[    0.925992] Spectre V2 : Mitigation: Full generic retpoline
[    0.933432] Spectre V2 : Spectre v2 / SpectreRSB mitigation: Filling RSB on context switch
[    0.944670] Speculative Store Bypass: Vulnerable
[    0.954763] SRBDS: Unknown: Dependent on hypervisor status
[    0.964747] MDS: Mitigation: Clear CPU buffers
[    1.052149] Freeing SMP alternatives memory: 36K
[    1.216009] ftrace: allocating 32380 entries in 127 pages
[    2.210324] smpboot: APIC(0) Converting physical 0 to logical package 0
[    2.220200] smpboot: Max logical packages: 1
[    2.245176] ..TIMER: vector=0x30 apic1=0 pin1=2 apic2=-1 pin2=-1
[    2.361818] smpboot: CPU0: Intel(R) Core(TM) i7-8750H CPU @ 2.20GHz (family: 0x6, model: 0x9e, stepping: 0xa)
[    2.376134] Performance Events: unsupported p6 CPU model 158 no PMU driver, software events only.
[    2.545254] KVM setup paravirtual spinlock
[    2.553049] x86: Booting SMP configuration:
[    2.558159] .... node  #0, CPUs:      #1
[    2.564684] kvm-clock: cpu 1, msr 0:3ffe3041, secondary cpu clock
[    2.588668] mce: CPU supports 0 MCE banks
[    2.593852] TSC synchronization [CPU#0 -> CPU#1]:
[    2.599364] Measured 43958 cycles TSC warp between CPUs, turning off TSC clock.
[    2.607409] tsc: Marking TSC unstable due to check_tsc_sync_source failed
[    0.782130] x86: Booted up 1 node, 2 CPUs
[    0.784003] smpboot: Total of 2 processors activated (8832.02 BogoMIPS)
[    0.796696] devtmpfs: initialized
[    0.805502] evm: security.selinux
[    0.808002] evm: security.SMACK64
[    0.812002] evm: security.SMACK64EXEC
[    0.816002] evm: security.SMACK64TRANSMUTE
[    0.820002] evm: security.SMACK64MMAP
[    0.824002] evm: security.ima
[    0.828002] evm: security.capability
[    0.836286] clocksource: jiffies: mask: 0xffffffff max_cycles: 0xffffffff, max_idle_ns: 7645041785100000 ns
[    0.840011] futex hash table entries: 512 (order: 3, 32768 bytes)
[    0.844441] pinctrl core: initialized pinctrl subsystem
[    0.848510] RTC time:  0:01:23, date: 12/30/23
[    0.856920] NET: Registered protocol family 16
[    0.876024] cpuidle: using governor ladder
[    0.892019] cpuidle: using governor menu
[    0.896011] PCCT header not found.
[    0.900132] ACPI: bus type PCI registered
[    0.904003] acpiphp: ACPI Hot Plug PCI Controller Driver version: 0.5
[    0.908508] PCI: Using configuration type 1 for base access
[    0.940640] ACPI: Added _OSI(Module Device)
[    0.944003] ACPI: Added _OSI(Processor Device)
[    0.948002] ACPI: Added _OSI(3.0 _SCP Extensions)
[    0.952004] ACPI: Added _OSI(Processor Aggregator Device)
[    0.960394] ACPI: Executed 1 blocks of module-level executable AML code
[    0.968636] ACPI: Interpreter enabled
[    0.972009] ACPI: (supports S0 S5)
[    0.976002] ACPI: Using IOAPIC for interrupt routing
[    0.980385] PCI: Using host bridge windows from ACPI; if necessary, use "pci=nocrs" and report a bug
[    0.993852] ACPI: PCI Root Bridge [PCI0] (domain 0000 [bus 00-ff])
[    0.996007] acpi PNP0A03:00: _OSC: OS supports [ASPM ClockPM Segments MSI]
[    1.004493] acpi PNP0A03:00: _OSC: not requesting OS control; OS requires [ExtendedConfig ASPM ClockPM MSI]
[    1.008011] acpi PNP0A03:00: fail to add MMCONFIG information, can't access extended PCI configuration space under this bridge.
[    1.012842] PCI host bridge to bus 0000:00
[    1.016004] pci_bus 0000:00: root bus resource [io  0x0000-0x0cf7 window]
[    1.020006] pci_bus 0000:00: root bus resource [io  0x0d00-0xffff window]
[    1.024004] pci_bus 0000:00: root bus resource [mem 0x000a0000-0x000bffff window]
[    1.028004] pci_bus 0000:00: root bus resource [mem 0x40000000-0xfdffffff window]
[    1.032004] pci_bus 0000:00: root bus resource [bus 00-ff]
[    1.045469] pci 0000:00:01.1: legacy IDE quirk: reg 0x10: [io  0x01f0-0x01f7]
[    1.048004] pci 0000:00:01.1: legacy IDE quirk: reg 0x14: [io  0x03f6]
[    1.052005] pci 0000:00:01.1: legacy IDE quirk: reg 0x18: [io  0x0170-0x0177]
[    1.056011] pci 0000:00:01.1: legacy IDE quirk: reg 0x1c: [io  0x0376]
[    1.087197] pci 0000:00:07.0: quirk: [io  0x4000-0x403f] claimed by PIIX4 ACPI
[    1.088063] pci 0000:00:07.0: quirk: [io  0x4100-0x410f] claimed by PIIX4 SMB
[    1.107080] ACPI: PCI Interrupt Link [LNKA] (IRQs 5 9 10 *11)
[    1.112552] ACPI: PCI Interrupt Link [LNKB] (IRQs 5 9 *10 11)
[    1.120957] ACPI: PCI Interrupt Link [LNKC] (IRQs 5 *9 10 11)
[    1.130117] ACPI: PCI Interrupt Link [LNKD] (IRQs 5 9 10 *11)
[    1.140342] ACPI: Enabled 2 GPEs in block 00 to 07
[    1.144276] vgaarb: setting as boot device: PCI:0000:00:02.0
[    1.148000] vgaarb: device added: PCI:0000:00:02.0,decodes=io+mem,owns=io+mem,locks=none
[    1.148006] vgaarb: loaded
[    1.152002] vgaarb: bridge control possible 0000:00:02.0
[    1.156439] SCSI subsystem initialized
[    1.160143] ACPI: bus type USB registered
[    1.164041] usbcore: registered new interface driver usbfs
[    1.168031] usbcore: registered new interface driver hub
[    1.172011] usbcore: registered new device driver usb
[    1.180707] PCI: Using ACPI for IRQ routing
[    1.188040] NetLabel: Initializing
[    1.192002] NetLabel:  domain hash size = 128
[    1.196002] NetLabel:  protocols = UNLABELED CIPSOv4
[    1.200016] NetLabel:  unlabeled traffic allowed by default
[    1.204158] amd_nb: Cannot enumerate AMD northbridges
[    1.208683] clocksource: Switched to clocksource kvm-clock
[    1.237235] AppArmor: AppArmor Filesystem Enabled
[    1.237235] pnp: PnP ACPI init
[    1.237235] pnp: PnP ACPI: found 3 devices
[    1.309313] clocksource: acpi_pm: mask: 0xffffff max_cycles: 0xffffff, max_idle_ns: 2085701024 ns
[    1.319642] NET: Registered protocol family 2
[    1.326410] TCP established hash table entries: 8192 (order: 4, 65536 bytes)
[    1.335363] TCP bind hash table entries: 8192 (order: 5, 131072 bytes)
[    1.343368] TCP: Hash tables configured (established 8192 bind 8192)
[    1.350912] UDP hash table entries: 512 (order: 2, 16384 bytes)
[    1.357483] UDP-Lite hash table entries: 512 (order: 2, 16384 bytes)
[    1.364633] NET: Registered protocol family 1
[    1.368480] pci 0000:00:00.0: Limiting direct PCI/PCI transfers
[    1.368480] pci 0000:00:01.0: Activating ISA DMA hang workarounds
[    1.368480] Unpacking initramfs...
[    1.568787] Freeing initrd memory: 14888K
[    1.760716] clocksource: tsc: mask: 0xffffffffffffffff max_cycles: 0x1fd3bdcbb82, max_idle_ns: 440795220917 ns
[    1.778369] platform rtc_cmos: registered platform RTC device (no PNP device found)
[    1.786775] Scanning for low memory corruption every 60 seconds
[    1.796400] audit: initializing netlink subsys (disabled)
[    1.802435] audit: type=2000 audit(1703894487.682:1): initialized
[    1.809207] Initialise system trusted keyring
[    1.816307] HugeTLB registered 2 MB page size, pre-allocated 0 pages
[    1.825731] zbud: loaded
[    1.830201] VFS: Disk quotas dquot_6.6.0
[    1.834987] VFS: Dquot-cache hash table entries: 512 (order 0, 4096 bytes)
[    1.843046] squashfs: version 4.0 (2009/01/31) Phillip Lougher
[    1.851414] fuse init (API version 7.23)
[    1.856830] Key type big_key registered
[    1.861572] Allocating IMA MOK and blacklist keyrings.
[    1.884707] Key type asymmetric registered
[    1.889417] Asymmetric key parser 'x509' registered
[    1.895486] Block layer SCSI generic (bsg) driver version 0.4 loaded (major 249)
[    1.904420] io scheduler noop registered
[    1.909410] io scheduler deadline registered (default)
[    1.915190] io scheduler cfq registered
[    1.920210] pci_hotplug: PCI Hot Plug PCI Core version: 0.5
[    1.926240] pciehp: PCI Express Hot Plug Controller Driver version: 0.4
[    1.934196] ACPI: AC Adapter [AC] (on-line)
[    1.941080] input: Power Button as /devices/LNXSYSTM:00/LNXPWRBN:00/input/input0
[    1.950270] ACPI: Power Button [PWRF]
[    1.955198] input: Sleep Button as /devices/LNXSYSTM:00/LNXSLPBN:00/input/input1
[    1.964089] ACPI: Sleep Button [SLPF]
[    1.969725] GHES: HEST is not enabled!
[    1.971222] ACPI: Battery Slot [BAT0] (battery present)
[    1.984271] Serial: 8250/16550 driver, 32 ports, IRQ sharing enabled
[    2.01773] 00:02: ttyS0 at I/O 0x3f8 (irq = 4, base_baud = 115200) is a 16550A
[    2.052717] Linux agpgart interface v0.103
[    2.071019] loop: module loaded
[    2.078649] scsi host0: ata_piix
[    2.085130] scsi host1: ata_piix
[    2.089040] ata1: PATA max UDMA/33 cmd 0x1f0 ctl 0x3f6 bmdma 0xd000 irq 14
[    2.089040] ata2: PATA max UDMA/33 cmd 0x170 ctl 0x376 bmdma 0xd008 irq 15
[    2.105622] libphy: Fixed MDIO Bus: probed
[    2.111044] tun: Universal TUN/TAP device driver, 1.6
[    2.117031] tun: (C) 1999-2004 Max Krasnyansky <maxk@qualcomm.com>
[    2.124957] PPP generic driver version 2.4.2
[    2.130991] ehci_hcd: USB 2.0 'Enhanced' Host Controller (EHCI) Driver
[    2.139906] ehci-pci: EHCI PCI platform driver
[    2.146383] ehci-platform: EHCI generic platform driver
[    2.152510] ohci_hcd: USB 1.1 'Open' Host Controller (OHCI) Driver
[    2.159399] ohci-pci: OHCI PCI platform driver
[    2.164441] ohci-platform: OHCI generic platform driver
[    2.169941] uhci_hcd: USB Universal Host Controller Interface driver
[    2.176768] i8042: PNP: PS/2 Controller [PNP0303:PS2K,PNP0f03:PS2M] at 0x60,0x64 irq 1,12
[    2.189382] serio: i8042 KBD port at 0x60,0x64 irq 1
[    2.192242] serio: i8042 AUX port at 0x60,0x64 irq 12
[    2.203022] mousedev: PS/2 mouse device common for all mice
[    2.213711] rtc_cmos rtc_cmos: rtc core: registered rtc_cmos as rtc0
[    2.223184] rtc_cmos rtc_cmos: alarms up to one day, 114 bytes nvram
[    2.230770] i2c /dev entries driver
[    2.235500] device-mapper: uevent: version 1.0.3
[    2.241800] device-mapper: ioctl: 4.34.0-ioctl (2015-10-28) initialised: dm-devel@redhat.com
[    2.251748] ledtrig-cpu: registered to indicate activity on CPUs
[    2.260565] input: AT Translated Set 2 keyboard as /devices/platform/i8042/serio0/input/input2
[    2.323189] NET: Registered protocol family 10
[    2.329379] NET: Registered protocol family 17
[    2.334808] Key type dns_resolver registered
[    2.340130] registered taskstats version 1
[    2.345160] Loading compiled-in X.509 certificates
[    2.351293] Loaded X.509 cert 'Build time autogenerated kernel key: cf00e047681d67edb2720680708b7d9498083038'
[    2.361726] zswap: loaded using pool lzo/zbud
[    2.373164] Key type trusted registered
[    2.386743] Key type encrypted registered
[    2.392200] AppArmor: AppArmor sha1 policy hashing enabled
[    2.398270] ima: No TPM chip found, activating TPM-bypass!
[    2.404833] ima: Allocated hash algorithm: sha1
[    2.410466] evm: HMAC attrs: 0x1
[    2.415867]   Magic number: 3:251:2
[    2.420676] rtc_cmos rtc_cmos: setting system clock to 2023-12-30 00:01:24 UTC (1703894484)
[    2.429385] BIOS EDD facility v0.16 2004-Jun-25, 0 devices found
[    2.436265] EDD information not available.
[    2.443174] Freeing unused kernel memory: 1492K
[    2.457278] Write protecting the kernel read-only data: 14336k
[    2.469336] Freeing unused kernel memory: 1584K
[    2.475069] Freeing unused kernel memory: 52K
Loading, please wait...
starting version 229
[    2.514399] random: systemd-udevd: uninitialized urandom read (16 bytes read, 11 bits of entropy available)
[    2.515360] random: udevadm: uninitialized urandom read (16 bytes read, 11 bits of entropy available)
[    2.515383] random: udevadm: uninitialized urandom read (16 bytes read, 11 bits of entropy available)
[    2.526154] random: udevadm: uninitialized urandom read (16 bytes read, 11 bits of entropy available)
[    2.526195] random: udevadm: uninitialized urandom read (16 bytes read, 11 bits of entropy available)
[    2.526355] random: udevadm: uninitialized urandom read (16 bytes read, 11 bits of entropy available)
[    2.526449] random: udevadm: uninitialized urandom read (16 bytes read, 11 bits of entropy available)
[    2.526497] random: udevadm: uninitialized urandom read (16 bytes read, 11 bits of entropy available)
[    2.526596] random: udevadm: uninitialized urandom read (16 bytes read, 11 bits of entropy available)
[    2.526642] random: udevadm: uninitialized urandom read (16 bytes read, 11 bits of entropy available)
[    2.673514] e1000: Intel(R) PRO/1000 Network Driver - version 7.3.21-k8-NAPI
[    2.682567] e1000: Copyright (c) 1999-2006 Intel Corporation.
[    2.704800] Fusion MPT base driver 3.04.20
[    2.708012] Copyright (c) 1999-2008 LSI Corporation
[    2.767455] SSE version of gcm_enc/dec engaged.
[    2.777054] Fusion MPT SPI Host driver 3.04.20
[    2.961875] input: ImExPS/2 Generic Explorer Mouse as /devices/platform/i8042/serio1/input/input4
[    3.505268] e1000 0000:00:03.0 eth0: (PCI:33MHz:32-bit) 02:be:82:6b:cc:1d
[    3.513778] e1000 0000:00:03.0 eth0: Intel(R) PRO/1000 Network Connection
[    4.234122] e1000 0000:00:08.0 eth1: (PCI:33MHz:32-bit) 08:00:27:76:d9:4d
[    4.242005] e1000 0000:00:08.0 eth1: Intel(R) PRO/1000 Network Connection
[    4.254587] e1000 0000:00:08.0 enp0s8: renamed from eth1
[    4.261566] mptbase: ioc0: Initiating bringup
[    4.273144] e1000 0000:00:03.0 enp0s3: renamed from eth0
[    4.346389] ioc0: LSI53C1030 A0: Capabilities={Initiator}
[    4.531071] scsi host2: ioc0: LSI53C1030 A0, FwRev=00000000h, Ports=1, MaxQ=256, IRQ=20
[    4.653826] scsi 2:0:0:0: Direct-Access     VBOX     HARDDISK         1.0  PQ: 0 ANSI: 5
[    4.663310] scsi target2:0:0: Beginning Domain Validation
[    4.675737] scsi target2:0:0: Domain Validation skipping write tests
[    4.683139] scsi target2:0:0: Ending Domain Validation
[    4.689708] scsi target2:0:0: asynchronous
[    4.697543] scsi 2:0:1:0: Direct-Access     VBOX     HARDDISK         1.0  PQ: 0 ANSI: 5
[    4.706710] scsi target2:0:1: Beginning Domain Validation
[    4.720794] scsi target2:0:1: Domain Validation skipping write tests
[    4.728593] scsi target2:0:1: Ending Domain Validation
[    4.735111] scsi target2:0:1: asynchronous
[    4.766218] sd 2:0:0:0: Attached scsi generic sg0 type 0
[    4.794617] sd 2:0:0:0: [sda] 83886080 512-byte logical blocks: (42.9 GB/40.0 GiB)
[    4.795783] sd 2:0:1:0: [sdb] 20480 512-byte logical blocks: (10.5 MB/10.0 MiB)
[    4.796401] sd 2:0:1:0: Attached scsi generic sg1 type 0
[    4.797043] sd 2:0:1:0: [sdb] Write Protect is off
[    4.797597] sd 2:0:1:0: [sdb] Incomplete mode parameter data
[    4.797598] sd 2:0:1:0: [sdb] Assuming drive cache: write through
[    4.805378] sd 2:0:1:0: [sdb] Attached SCSI disk
[    4.842196] sd 2:0:0:0: [sda] Write Protect is off
[    4.848299] sd 2:0:0:0: [sda] Incomplete mode parameter data
[    4.854499] sd 2:0:0:0: [sda] Assuming drive cache: write through
[    4.868295]  sda: sda1
[    4.876510] sd 2:0:0:0: [sda] Attached SCSI disk
Begin: Loading essential drivers ... [    6.569194] md: linear personality registered for level -1
[    6.580933] md: multipath personality registered for level -4
[    6.591663] md: raid0 personality registered for level 0
[    6.615194] md: raid1 personality registered for level 1
[    7.504772] raid6: sse2x1   gen() 181690 MB/s
[    9.515952] raid6: sse2x1   xor() 132353 MB/s
[   10.505644] raid6: sse2x2   gen() 213382 MB/s
[   11.570846] raid6: sse2x2   xor() 10748 MB/s
[   11.665086] raid6: sse2x4   gen() 20401 MB/s
[   12.505505] raid6: sse2x4   xor() 167344 MB/s
[   12.511864] raid6: using algorithm sse2x2 gen() 213382 MB/s
[   12.517969] raid6: .... xor() 10748 MB/s, rmw enabled
[   12.523637] raid6: using ssse3x2 recovery algorithm
[   12.532623] xor: measuring software checksum speed
[   12.576768]    prefetch64-sse: 18783.000 MB/sec
[   12.620382]    generic_sse: 21628.000 MB/sec
[   12.625487] xor: using function: generic_sse (21628.000 MB/sec)
[   12.635042] async_tx: api initialized (async)
[   12.689721] md: raid6 personality registered for level 6
[   12.696634] md: raid5 personality registered for level 5
[   12.702724] md: raid4 personality registered for level 4
[   12.735863] md: raid10 personality registered for level 10
done.
Begin: Running /scripts/init-premount ... done.
Begin: Mounting root file system ... Begin: Running /scripts/local-top ... done.
Begin: Running /scripts/local-premount ... [   12.848125] Btrfs loaded
Scanning for Btrfs filesystems
done.
Warning: fsck not present, so skipping root file system
[   12.916833] EXT4-fs (sda1): mounted filesystem with ordered data mode. Opts: (null)
done.
Begin: Running /scripts/local-bottom ... done.
Begin: Running /scripts/init-bottom ... done.
[   13.142735] systemd[1]: systemd 229 running in system mode. (+PAM +AUDIT +SELINUX +IMA +APPARMOR +SMACK +SYSVINIT +UTMP +LIBCRYPTSETUP +GCRYPT +GNUTLS +ACL +XZ -LZ4 +SECCOMP +BLKID +ELFUTILS +KMOD -IDN)
[   13.161390] systemd[1]: Detected virtualization oracle.
[   13.167548] systemd[1]: Detected architecture x86-64.

Welcome to [1mUbuntu 16.04.7 LTS[0m!

[   13.184505] systemd[1]: Set hostname to <ubuntu>.
[   13.196525] systemd[1]: Initializing machine ID from random generator.
[   13.203893] systemd[1]: Installed transient /etc/machine-id file.
[   13.449509] systemd[1]: Listening on LVM2 metadata daemon socket.
[[0;32m  OK  [0m] Listening on LVM2 metadata daemon socket.
[   13.462987] systemd[1]: Listening on Journal Socket (/dev/log).
[[0;32m  OK  [0m] Listening on Journal Socket (/dev/log).
[   13.476028] systemd[1]: Created slice User and Session Slice.
[[0;32m  OK  [0m] Created slice User and Session Slice.
[   13.489001] systemd[1]: Reached target System Time Synchronized.
[[0;32m  OK  [0m] Reached target System Time Synchronized.
[   13.502192] systemd[1]: Listening on Syslog Socket.
[[0;32m  OK  [0m] Listening on Syslog Socket.
[   13.515417] systemd[1]: Listening on /dev/initctl Compatibility Named Pipe.
[[0;32m  OK  [0m] Listening on /dev/initctl Compatibility Named Pipe.
[   13.530224] systemd[1]: Reached target User and Group Name Lookups.
[[0;32m  OK  [0m] Reached target User and Group Name Lookups.
[   13.544140] systemd[1]: Listening on udev Kernel Socket.
[[0;32m  OK  [0m] Listening on udev Kernel Socket.
[   13.561176] systemd[1]: Started Trigger resolvconf update for networkd DNS.
[[0;32m  OK  [0m] Started Trigger resolvconf update for networkd DNS.
[   13.585040] systemd[1]: Started Forward Password Requests to Wall Directory Watch.
[[0;32m  OK  [0m] Started Forward Password Requests to Wall Directory Watch.
[   13.609199] systemd[1]: Listening on udev Control Socket.
[[0;32m  OK  [0m] Listening on udev Control Socket.
[   13.628009] systemd[1]: Created slice System Slice.
[[0;32m  OK  [0m] Created slice System Slice.
[   13.648638] systemd[1]: Reached target Slices.
[[0;32m  OK  [0m] Reached target Slices.
[   13.668572] systemd[1]: Listening on Device-mapper event daemon FIFOs.
[[0;32m  OK  [0m] Listening on Device-mapper event daemon FIFOs.
[   13.689140] systemd[1]: Listening on LVM2 poll daemon socket.
[[0;32m  OK  [0m] Listening on LVM2 poll daemon socket.
[   13.706975] systemd[1]: Listening on fsck to fsckd communication Socket.
[[0;32m  OK  [0m] Listening on fsck to fsckd communication Socket.
[   13.724812] systemd[1]: Reached target Swap.
[[0;32m  OK  [0m] Reached target Swap.
[   13.735978] systemd[1]: Reached target Encrypted Volumes.
[[0;32m  OK  [0m] Reached target Encrypted Volumes.
[   13.749949] systemd[1]: Listening on Journal Socket.
[[0;32m  OK  [0m] Listening on Journal Socket.
[   13.777710] systemd[1]: Starting Set console keymap...
[   13.784629] random: nonblocking pool is initialized
         Starting Set console keymap...
[   13.800575] systemd[1]: Starting Uncomplicated firewall...
         Starting Uncomplicated firewall...
[   13.814129] systemd[1]: Mounting POSIX Message Queue File System...
         Mounting POSIX Message Queue File System...
[   13.831702] systemd[1]: Mounting Huge Pages File System...
         Mounting Huge Pages File System...
[   13.849569] systemd[1]: Mounting Debug File System...
         Mounting Debug File System...
[   13.863520] systemd[1]: Starting File System Check on Root Device...
         Starting File System Check on Root Device...
[   13.877915] systemd[1]: Starting Monitoring of LVM2 mirrors, snapshots etc. using dmeventd or progress polling...
         Starting Monitoring of LVM2 mirrors... dmeventd or progress polling...
[   13.903744] systemd[1]: Starting Load Kernel Modules...
         Starting Load Kernel Modules...
[   13.918388] systemd[1]: Starting Nameserver information manager...
         Starting Nameserver information manager...
[   13.933710] systemd[1]: Set up automount Arbitrary Executable File Formats File System Automount Point.
[[0;32m  OK  [0m] Set up automount Arbitrary Executab...ats File System Automount Point.
[   13.959486] systemd[1]: Listening on Journal Audit Socket.
[   13.966846] Loading iSCSI transport class v2.0-870.
[[0;32m  OK  [0m] Listening on Journal Audit Socket.
[   13.991414] iscsi: registered transport (tcp)
[   13.993519] systemd[1]: Starting Journal Service...
         Starting Journal Service...
[   14.015649] systemd[1]: Created slice system-serial\x2dgetty.slice.
[[0;32m  OK  [0m] Created slice system-serial\x2dgetty.slice.
[   14.037090] systemd[1]: Starting Create list of required static device nodes for the current kernel...
         Starting Create list of required st... nodes for the current kernel...
[   14.072327] systemd[1]: Mounted Huge Pages File System.
[[0;32m  OK  [0m] Mounted Huge Pages File System.
[   14.100578] systemd[1]: Mounted POSIX Message Queue File System.
[[0;32m  OK  [0m] Mounted POSIX Message Queue File System.
[   14.114242] systemd[1]: Mounted Debug File System.
[[0;32m  OK  [0m] Mounted Debug File System.
[   14.126579] systemd[1]: Started Journal Service.
[[0;32m  OK  [0m] Started Journal Service.
[[0;32m  OK  [0m] Started Set console keymap.
[[0;32m  OK  [0m] Started Uncomplicated firewall.
[[0;32m  OK  [0m] Started File System Check on Root Device.
[[0;32m  OK  [0m] Started Create list of required sta...ce nodes for the current kernel.
[[0;32m  OK  [0m] Started Nameserver information manager.
[[0;32m  OK  [0m] Started LVM2 metadata daemon.
[   14.205825] iscsi: registered transport (iser)
[[0;32m  OK  [0m] Started File System Check Daemon to report status.
         Starting Create Static Device Nodes in /dev...
         Starting Remount Root and Kernel File Systems...[   14.235860] EXT4-fs (sda1): re-mounted. Opts: (null)

[[0;32m  OK  [0m] Started Load Kernel Modules.
[[0;32m  OK  [0m] Started Remount Root and Kernel File Systems.
[[0;32m  OK  [0m] Started Create Static Device Nodes in /dev.
         Starting udev Kernel Device Manager...
         Starting Flush Journal to Persistent Storage...
         Starting udev Coldplug all Devices...
         Starting Load/Save Random Seed...
         Starting Apply Kernel Variables...
         Mounting FUSE Control File System...
[[0;32m  OK  [0m] Mounted FUSE Control File System.
[[0;32m  OK  [0m] Started udev Kernel Device Manager.
[[0;32m  OK  [0m] Started Load/Save Random Seed.
[[0;32m  OK  [0m] Started Apply Kernel Variables.
[[0;32m  OK  [0m] Started Flush Journal to Persistent Storage.
[[0;32m  OK  [0m] Started udev Coldplug all Devices.
[[0;32m  OK  [0m] Started Dispatch Password Requests to Console Directory Watch.
[[0;32m  OK  [0m] Started Monitoring of LVM2 mirrors,...ng dmeventd or progress polling.
[[0;32m  OK  [0m] Reached target Local File Systems (Pre).
[[0;32m  OK  [0m] Reached target Local File Systems.
         Starting Create Volatile Files and Directories...
         Starting Commit a transient machine-id on disk...
         Starting LSB: AppArmor initialization...
         Starting Initial cloud-init job (pre-networking)...
         Starting Tell Plymouth To Write Out Runtime Data...
         Starting Set console font and keymap...
[[0;32m  OK  [0m] Started Create Volatile Files and Directories.
[[0;32m  OK  [0m] Found device /dev/ttyS0.
         Starting Update UTMP about System Boot/Shutdown...
[[0;32m  OK  [0m] Started Commit a transient machine-id on disk.
[[0;32m  OK  [0m] Started Tell Plymouth To Write Out Runtime Data.
[[0;32m  OK  [0m] Started Update UTMP about System Boot/Shutdown.
[[0;32m  OK  [0m] Listening on Load/Save RF Kill Switch Status /dev/rfkill Watch.
[[0;32m  OK  [0m] Started LSB: AppArmor initialization.
[   16.521615] cloud-init[520]: Cloud-init v. 21.1-19-gbad84ad4-0ubuntu1~16.04.2 running 'init-local' at Sat, 30 Dec 2023 00:01:38 +0000. Up 16.11 seconds.
         Starting Load AppArmor profiles managed internally by snapd...
[[0;32m  OK  [0m] Started Initial cloud-init job (pre-networking).
[[0;32m  OK  [0m] Started Load AppArmor profiles managed internally by snapd.
[[0;32m  OK  [0m] Reached target Network (Pre).
         Starting Raise network interfaces...
[[0;32m  OK  [0m] Started Set console font and keymap.
[[0;32m  OK  [0m] Created slice system-getty.slice.
[[0;32m  OK  [0m] Started Raise network interfaces.
[[0;32m  OK  [0m] Reached target Network.
         Starting Initial cloud-init job (metadata service crawler)...
[   18.731668] cloud-init[966]: Cloud-init v. 21.1-19-gbad84ad4-0ubuntu1~16.04.2 running 'init' at Sat, 30 Dec 2023 00:01:40 +0000. Up 18.13 seconds.
[   18.738449] cloud-init[966]: ci-info: ++++++++++++++++++++++++++++++++++++++Net device info+++++++++++++++++++++++++++++++++++++++
[   18.744984] cloud-init[966]: ci-info: +--------+-------+----------------------------+---------------+--------+-------------------+
[   18.751547] cloud-init[966]: ci-info: | Device |   Up  |          Address           |      Mask     | Scope  |     Hw-Address    |
[   18.758355] cloud-init[966]: ci-info: +--------+-------+----------------------------+---------------+--------+-------------------+
[   18.764997] cloud-init[966]: ci-info: | enp0s3 |  True |         10.0.2.15          | 255.255.255.0 | global | 02:be:82:6b:cc:1d |
[   18.771873] cloud-init[966]: ci-info: | enp0s3 |  True | fe80::be:82ff:fe6b:cc1d/64 |       .       |  link  | 02:be:82:6b:cc:1d |
[   18.778446] cloud-init[966]: ci-info: | enp0s8 | False |             .              |       .       |   .    | 08:00:27:76:d9:4d |
[   18.784826] cloud-init[966]: ci-info: |   lo   |  True |         127.0.0.1          |   255.0.0.0   |  host  |         .         |
[   18.791046] cloud-init[966]: ci-info: |   lo   |  True |          ::1/128           |       .       |  host  |         .         |
[   18.797505] cloud-init[966]: ci-info: +--------+-------+----------------------------+---------------+--------+-------------------+
[   18.803562] cloud-init[966]: ci-info: +++++++++++++++++++++++++++Route IPv4 info++++++++++++++++++++++++++++
[   18.809151] cloud-init[966]: ci-info: +-------+-------------+----------+---------------+-----------+-------+
[   18.814714] cloud-init[966]: ci-info: | Route | Destination | Gateway  |    Genmask    | Interface | Flags |
[   18.820110] cloud-init[966]: ci-info: +-------+-------------+----------+---------------+-----------+-------+
[   18.825717] cloud-init[966]: ci-info: |   0   |   0.0.0.0   | 10.0.2.2 |    0.0.0.0    |   enp0s3  |   UG  |
[   18.831084] cloud-init[966]: ci-info: |   1   |   10.0.2.0  | 0.0.0.0  | 255.255.255.0 |   enp0s3  |   U   |
[   18.836930] cloud-init[966]: ci-info: +-------+-------------+----------+---------------+-----------+-------+
[   18.842473] cloud-init[966]: ci-info: +++++++++++++++++++Route IPv6 info+++++++++++++++++++
[   18.847645] cloud-init[966]: ci-info: +-------+-------------+---------+-----------+-------+
[   18.861390] cloud-init[966]: ci-info: | Route | Destination | Gateway | Interface | Flags |
[   18.861527] cloud-init[966]: ci-info: +-------+-------------+---------+-----------+-------+
[   18.861608] cloud-init[966]: ci-info: |   0   |  fe80::/64  |    ::   |   enp0s3  |   U   |
[   18.862200] cloud-init[966]: ci-info: |   3   |   ff00::/8  |    ::   |   enp0s3  |   U   |
[   18.862672] cloud-init[966]: ci-info: +-------+-------------+---------+-----------+-------+
[   18.862751] cloud-init[966]: Generating public/private rsa key pair.
[   18.863274] cloud-init[966]: Your identification has been saved in /etc/ssh/ssh_host_rsa_key.
[[0;32m  OK  [0m] Started Initial cloud-init job (metadata service crawler).
[[0;32m  OK  [0m] Reached target System Initialization.
[[0;32m  OK  [0m] Started Message of the Day.
         Starting Socket activation for snappy daemon.
[[0;32m  OK  [0m] Listening on D-Bus System Message Bus Socket.
[[0;32m  OK  [0m] Started Daily apt download activities.
[[0;32m  OK  [0m] Started Daily apt upgrade and clean activities.
[[0;32m  OK  [0m] Started Daily Cleanup of Temporary Directories.
[   18.863767] cloud-init[966]: Your public key has been saved in /etc/ssh/ssh_host_rsa_key.pub.
[[0;32m  OK  [0m] Started ACPI Events Check.
[[0;32m  OK  [0m] Reached target Paths.
[[0;32m  OK  [0m] Started Ubuntu Advantage update messaging.
[[0;32m  OK  [0m] Reached target Timers.
[[0;32m  OK  [0m] Listening on ACPID Listen Socket.
[[0;32m  OK  [0m] Listening on UUID daemon activation socket.
[   18.898857] cloud-init[966]: The key fingerprint is:
         Starting LXD - unix socket.
[   18.917993] cloud-init[966]: SHA256:lqLBHIo6V8IZXfUErQCq2BpAjRNW+EcEYdMEHr0VB4c root@ubuntu-xenial
[[   18.932701] cloud-init[966]: The key's randomart image is:
[   18.932740] cloud-init[966]: +---[RSA 2048]----+
[   18.932773] cloud-init[966]: | +*OX+.+*=.      |
[   18.932804] cloud-init[966]: |o+o+o=.Eoo.      |
[   18.932835] cloud-init[966]: |. =.+ o. ..      |
[   18.932867] cloud-init[966]: |o= B +  ..       |
[   18.932898] cloud-init[966]: |= * * . S        |
[   18.933422] cloud-init[966]: |.o o o o         |
[   18.933875] cloud-init[966]: |+ . .            |
[   18.934333] cloud-init[966]: | o               |
[   18.934367] cloud-init[966]: |                 |
[   18.934397] cloud-init[966]: +----[SHA256]-----+
[   18.934430] cloud-init[966]: Generating public/private dsa key pair.
[   18.934963] cloud-init[966]: Your identification has been saved in /etc/ssh/ssh_host_dsa_key.
[   18.935428] cloud-init[966]: Your public key has been saved in /etc/ssh/ssh_host_dsa_key.pub.
[0;32m  OK  [0m] Reached target Network is Online.
[   18.935945] cloud-init[966]: The key fingerprint is:
[   18.962887] cloud-init[966]: SHA256:Loyi47YgTVc2/HfHTUUIpIS9V4UvNzGbDfDunKlEDfU root@ubuntu-xenial
         Starting iSCSI initiator daemon (iscsid)...
[[0;32m  OK  [0m] Reached target Cloud-config availability.
[[0;32m  OK  [0m] Listening on Socket activation for snappy daemon.
[[0;32m  OK  [0m] Listening on LXD - unix socket.
[[0;32m  OK  [0m] Reached target Sockets.
[[0;32m  OK  [0m] Reached target Basic System.
[[0;32m  OK  [0m] Started Deferred execution scheduler.
[   18.968051] cloud-init[966]: The key's randomart image is:
[   18.993606]          Starting LSB: MD monitoring daemon...
[[0;32m  OK  [0m] Started D-Bus System Message Bus.
cloud-init[966]: +---[DSA 1024]----+
[   19.006637] cloud-init[966]: |         o..+o.=+|
[   19.013781] cloud-init[966]: |     .  .... o=+.|
[   19.021794] cloud-init[966]: |      =   .....oE|
[   19.031238] cloud-init[966]: |     o o  . .=.*+|
[   19.037219] cloud-init[966]: |  . .   S ..o =oo|
[   19.043334] cloud-init[966]: | o . o . . o + o |
[   19.049513] cloud-init[966]: |o o . o .   . =  |
[   19.055277] cloud-init[966]: |+o .   .   . .   |
[   19.060939] cloud-init[966]: |++.         .    |
[   19.065863] cloud-init[966]: +----[SHA256]-----+
[   19.071618] cloud-init[966]: Generating public/private ecdsa key pair.
[   19.080013]          Starting Virtualbox guest utils...
         Starting Login Service...
         Starting Accounts Service...
         Starting System Logging Service...
cloud-init[966]: Your identification has been saved in /etc/ssh/ssh_host_ecdsa_key.
[   19.093243] cloud-init[966]: Your public key has been saved in /etc/ssh/ssh_host_ecdsa_key.pub.
[   19.093283] cloud-init[966]: The key fingerprint is:
[   19.093829] cloud-init[966]: SHA256:3uaEWbBgqMJCtbinVCLh8xHykDKyb3R/qPnE6yoDmNQ root@ubuntu-xenial
[   19.093905] cloud-init[966]: The key's randomart image is:
         Starting Snap Daemon...
         Starting LSB: Record successful boot for GRUB...
[   19.094965]          Starting LXD - container startup/shutdown...
[[0;32m  OK  [0m] Started Regular background program processing daemon.
         Starting Pollinate to seed the pseudo random number generator...
         Starting /etc/rc.local Compatibility...
[[0;32m  OK  [0m] Started ACPI event daemon.
[[0;32m  OK  [0m] Started FUSE filesystem for LXC.
[[0;32m  OK  [0m] Started /etc/rc.local Compatibility.
cloud-init[966]: +---[ECDSA 256]---+
[   19.189366] [[0;32m  OK  [0m] Started iSCSI initiator daemon (iscsid).
cloud-init         Starting Login to default iSCSI targets...
[966]: |.o.o             |
[[0;32m  OK  [0m] Started Login Service.
[[0;32m  OK  [0m] Started Unattended Upgrades Shutdown.
[   19.223820] [[0;32m  OK  [0m] Started System Logging Service.
cloud-init[966]: |=o* o.           |
[[0;32m  OK  [0m] Started LSB: MD monitoring daemon.
[   19.281440] cloud-init[966]: |+O.=. o .        |
[   19.291344] [[0;32m  OK  [0m] Started Login to default iSCSI targets.
[[0;32m  OK  [0m] Reached target Remote File Systems (Pre).
[[0;32m  OK  [0m] Reached target Remote File Systems.
         Starting LSB: Set the CPU Frequency Scaling governor to "ondemand"...
         Starting LSB: automatic crash report generation...
cloud-init[966]: |=.BEo. . o       |
         Starting LSB: daemon to balance interrupts for SMP systems...
         Starting Permit User Sessions...
[[0;32m  OK  [0m] Started LSB: Record successful boot for GRUB.
[   19.390493] [[0;32m  OK  [0m] Started Permit User Sessions.
cloud-init[966]: |=B.+ . .S .      |
[   19.445711]          Starting Hold until boot process finishes up...
cloud-init         Starting Terminate Plymouth Boot Screen...
[[0;32m  OK  [0m] Started Hold until boot process finishes up.
         Starting Authenticate and Authorize Users to Run Privileged Tasks...
[[0;32m  OK  [0m] Started Getty on tty1.
         Starting Set console scheme...
[[0;32m  OK  [0m] Started Serial Getty on ttyS0.
[[0;32m  OK  [0m] Reached target Login Prompts.
[[0;32m  OK  [0m] Started Terminate Plymouth Boot Screen.
[[0;32m  OK  [0m] Started LSB: Set the CPU Frequency Scaling governor to "ondemand".
[[0;32m  OK  [0m] Started Set console scheme.
[966]: |*.=  .o..=       |
[   19.556538] cloud-init[[0;32m  OK  [0m] Started LSB: automatic crash report generation.
[966]: [[0;32m  OK  [0m] Started LSB: daemon to balance interrupts for SMP systems.
| +   oo.+ +      |
[[0;32m  OK  [0m] Started Authenticate and Authorize Users to Run Privileged Tasks.
[[0;32m  OK  [0m] Started Accounts Service.
[   19.615671] cloud-init[966]: |  o o. . +       |
[   19.645019] cloud-init[966]: |   o.++   .      |
[   19.654635] cloud-init[966]: +----[SHA256]-----+
[   19.670439] cloud-init[966]: Generating public/private ed25519 key pair.
[   19.683390] cloud-init[966]: Your identification has been saved in /etc/ssh/ssh_host_ed25519_key.
[   19.698694] cloud-init[966]: Your public key has been saved in /etc/ssh/ssh_host_ed25519_key.pub.
[[0;32m  OK  [0m] Started LXD - container startup/shutdown.
[   19.719174] cloud-init[966]: The key fingerprint is:
[   19.728709] cloud-init[966]: SHA256:9aFEfYY0e7Kp4Hkih2dUri+FV0VNsuC/3cZDnZOLkO4 root@ubuntu-xenial
[[0;32m  OK  [0m] Started Virtualbox guest utils.
[   19.740242] cloud-init[966]: The key's randomart image is:
[   19.769461] cloud-init[966]: +--[ED25519 256]--+
[   19.781136] cloud-init[966]: |          .o+ooo.|
[   19.786496] cloud-init[966]: |         . .o++o.|
[   19.792828] cloud-init[966]: |          + =+o  |
[   19.798170] cloud-init[966]: |         = ooB  +|
[   19.803019] cloud-init[966]: |        S.o++ .=.|
[   19.811665] cloud-init[966]: |       +.++.. o++|
[   19.823044] cloud-init[966]: |      o Ooo. ..o=|
[   19.838585] cloud-init[966]: |       =.+.    ..|
[   19.851087] cloud-init[966]: |         ..E     |
[   19.860462] cloud-init[966]: +----[SHA256]-----+
[[0;32m  OK  [0m] Started Snap Daemon.
         Starting Wait until snapd is fully seeded...
[[0;32m  OK  [0m] Started Pollinate to seed the pseudo random number generator.
         Starting OpenBSD Secure Shell server...
[[0;32m  OK  [0m] Started OpenBSD Secure Shell server.
[[0;32m  OK  [0m] Started Wait until snapd is fully seeded.
         Starting Apply the settings specified in cloud-config...
[[0;32m  OK  [0m] Reached target Multi-User System.
[[0;32m  OK  [0m] Reached target Graphical Interface.
         Starting Update UTMP about System Runlevel Changes...
[[0;32m  OK  [0m] Started Update UTMP about System Runlevel Changes.
[   22.745059] cloud-init[1314]: Generating locales (this might take a while)...
[   23.941866] cloud-init[1314]:   en_US.UTF-8... done
[   23.948975] cloud-init[1314]: Generation complete.
[   24.337050] cloud-init[1314]: Cloud-init v. 21.1-19-gbad84ad4-0ubuntu1~16.04.2 running 'modules:config' at Sat, 30 Dec 2023 00:01:44 +0000. Up 22.62 seconds.
[[0;32m  OK  [0m] Started Apply the settings specified in cloud-config.
         Starting Execute cloud user/final scripts...
ci-info: no authorized SSH keys fingerprints found for user ubuntu.
<14>Dec 30 00:01:46 ec2: 
<14>Dec 30 00:01:46 ec2: #############################################################
<14>Dec 30 00:01:46 ec2: -----BEGIN SSH HOST KEY FINGERPRINTS-----
<14>Dec 30 00:01:46 ec2: 1024 SHA256:Loyi47YgTVc2/HfHTUUIpIS9V4UvNzGbDfDunKlEDfU root@ubuntu-xenial (DSA)
<14>Dec 30 00:01:46 ec2: 256 SHA256:3uaEWbBgqMJCtbinVCLh8xHykDKyb3R/qPnE6yoDmNQ root@ubuntu-xenial (ECDSA)
<14>Dec 30 00:01:46 ec2: 256 SHA256:9aFEfYY0e7Kp4Hkih2dUri+FV0VNsuC/3cZDnZOLkO4 root@ubuntu-xenial (ED25519)
<14>Dec 30 00:01:46 ec2: 2048 SHA256:lqLBHIo6V8IZXfUErQCq2BpAjRNW+EcEYdMEHr0VB4c root@ubuntu-xenial (RSA)
<14>Dec 30 00:01:46 ec2: -----END SSH HOST KEY FINGERPRINTS-----
<14>Dec 30 00:01:46 ec2: #############################################################
-----BEGIN SSH HOST KEY KEYS-----
ecdsa-sha2-nistp256 AAAAE2VjZHNhLXNoYTItbmlzdHAyNTYAAAAIbmlzdHAyNTYAAABBBGpeeir7FJrB89sU1TmTtCSD8Lu2rHdjyt1SySHV3sDtZd9HCV14e+2yUKBGxQliLMjaANr8pA2votEVGv1M7fE= root@ubuntu-xenial
ssh-ed25519 AAAAC3NzaC1lZDI1NTE5AAAAIBlKdOmbOrqu1YtWopAWbDP0DffTJQjqpAYk8jUM7jHM root@ubuntu-xenial
ssh-rsa AAAAB3NzaC1yc2EAAAADAQABAAABAQC10cYoXJxv9eQYDeapuVogQz8sKe6TQrSNROpZYJolvZWLG6IiLDIEElN3PfoUwIkZ0wc0UbhH9q/e2NvLMAtmwFW+zQS3bSZV3DRxZFPQYnmMslnQlR3EbBw+UrGV9m/sIRp2CJ/vNASIS+qR5bow/dJEm+yfsljts/p5EYhXZd0CtUohoLHuAFYAhulvYQ/gVu0l/PKXMrzrQyCMLgmxm66c4JU/AV2wBky0hh+mnqJNbzgpvVnJcQl1ZP5N4vNflJAgkrNJvltbjKjuCIAoXhztKlbOednLXjUAO5o5dkQi3gurbnKjeApaGO0AFXRwzCq6tP8E3v6Dj1HG/vRZ root@ubuntu-xenial
-----END SSH HOST KEY KEYS-----
[   24.877893] cloud-init[1357]: Cloud-init v. 21.1-19-gbad84ad4-0ubuntu1~16.04.2 running 'modules:final' at Sat, 30 Dec 2023 00:01:46 +0000. Up 24.68 seconds.
[   24.878111] cloud-init[1357]: ci-info: no authorized SSH keys fingerprints found for user ubuntu.
[   24.878200] cloud-init[1357]: Cloud-init v. 21.1-19-gbad84ad4-0ubuntu1~16.04.2 finished at Sat, 30 Dec 2023 00:01:46 +0000. Datasource DataSourceNoCloud [seed=/dev/sdb][dsmode=net].  Up 24.87 seconds

Ubuntu 16.04.7 LTS ubuntu-xenial ttyS0

ubuntu-xenial login: 